Started by user Ming Ho
Running as SYSTEM
Building in workspace C:\Users\HP\AppData\Local\Jenkins\.jenkins\workspace\ecom1
The recommended git tool is: NONE
No credentials specified
 > git.exe rev-parse --resolve-git-dir C:\Users\HP\AppData\Local\Jenkins\.jenkins\workspace\ecom1\.git # timeout=10
Fetching changes from the remote Git repository
 > git.exe config remote.origin.url https://github.com/super-ming/ecom.git # timeout=10
Fetching upstream changes from https://github.com/super-ming/ecom.git
 > git.exe --version # timeout=10
 > git --version # 'git version 2.19.2.windows.1'
 > git.exe fetch --tags --progress -- https://github.com/super-ming/ecom.git +refs/heads/*:refs/remotes/origin/* # timeout=10
 > git.exe rev-parse "refs/remotes/origin/master^{commit}" # timeout=10
Checking out Revision 6baea7e091c36e56dcf1f779dbc592de131aa6e0 (refs/remotes/origin/master)
 > git.exe config core.sparsecheckout # timeout=10
 > git.exe checkout -f 6baea7e091c36e56dcf1f779dbc592de131aa6e0 # timeout=10
Commit message: "Merge pull request #4 from super-ming/jwt"
 > git.exe rev-list --no-walk bf59eb8176b92072a5611424d7b5d3a7b0dc3ecd # timeout=10
Parsing POMs
Established TCP socket on 50716
[ecom1] $ C:\Users\HP\AppData\Local\Jenkins\.jenkins\tools\hudson.model.JDK\Java/bin/java -cp C:\Users\HP\AppData\Local\Jenkins\.jenkins\plugins\maven-plugin\WEB-INF\lib\maven35-agent-1.13.jar;C:\Users\HP\AppData\Local\Jenkins\.jenkins\tools\hudson.tasks.Maven_MavenInstallation\Maven\boot\plexus-classworlds-2.6.0.jar;C:\Users\HP\AppData\Local\Jenkins\.jenkins\tools\hudson.tasks.Maven_MavenInstallation\Maven/conf/logging jenkins.maven3.agent.Maven35Main C:\Users\HP\AppData\Local\Jenkins\.jenkins\tools\hudson.tasks.Maven_MavenInstallation\Maven C:\Users\HP\AppData\Local\Jenkins\war\WEB-INF\lib\remoting-4.7.jar C:\Users\HP\AppData\Local\Jenkins\.jenkins\plugins\maven-plugin\WEB-INF\lib\maven35-interceptor-1.13.jar C:\Users\HP\AppData\Local\Jenkins\.jenkins\plugins\maven-plugin\WEB-INF\lib\maven3-interceptor-commons-1.13.jar 50716
<===[JENKINS REMOTING CAPACITY]===>���channel started
Executing Maven:  -B -f C:\Users\HP\AppData\Local\Jenkins\.jenkins\workspace\ecom1\pom.xml install
[INFO] Scanning for projects...
[INFO]
[INFO] ----------------------< com.example:auth-course >-----------------------
[INFO] Building auth-course 0.0.1-SNAPSHOT
[INFO] --------------------------------[ war ]---------------------------------
[INFO]
[INFO] --- maven-resources-plugin:3.1.0:resources (default-resources) @ auth-course ---
[INFO] Using 'UTF-8' encoding to copy filtered resources.
[INFO] Copying 1 resource
[INFO] Copying 2 resources
[INFO]
[INFO] --- maven-compiler-plugin:3.8.1:compile (default-compile) @ auth-course ---
[INFO] Changes detected - recompiling the module!
[INFO] Compiling 22 source files to C:\Users\HP\AppData\Local\Jenkins\.jenkins\workspace\ecom1\target\classes
[INFO]
[INFO] --- maven-resources-plugin:3.1.0:testResources (default-testResources) @ auth-course ---
[INFO] Using 'UTF-8' encoding to copy filtered resources.
[INFO] skip non existing resourceDirectory C:\Users\HP\AppData\Local\Jenkins\.jenkins\workspace\ecom1\src\test\resources
[INFO]
[INFO] --- maven-compiler-plugin:3.8.1:testCompile (default-testCompile) @ auth-course ---
[INFO] Changes detected - recompiling the module!
[INFO] Compiling 6 source files to C:\Users\HP\AppData\Local\Jenkins\.jenkins\workspace\ecom1\target\test-classes
[INFO]
[INFO] --- maven-surefire-plugin:2.22.2:test (default-test) @ auth-course ---
[INFO]
[INFO] -------------------------------------------------------
[INFO]  T E S T S
[INFO] -------------------------------------------------------
[INFO] Running com.example.demo.controllers.CartControllerTest
[INFO] Tests run: 6, Failures: 0, Errors: 0, Skipped: 0, Time elapsed: 2.147 s - in com.example.demo.controllers.CartControllerTest
[INFO] Running com.example.demo.controllers.ItemControllerTest
[INFO] Tests run: 5, Failures: 0, Errors: 0, Skipped: 0, Time elapsed: 0 s - in com.example.demo.controllers.ItemControllerTest
[INFO] Running com.example.demo.controllers.OrderControllerTest
SLF4J: Class path contains multiple SLF4J bindings.
SLF4J: Found binding in [jar:file:/C:/Users/HP/.m2/repository/ch/qos/logback/logback-classic/1.2.3/logback-classic-1.2.3.jar!/org/slf4j/impl/StaticLoggerBinder.class]
SLF4J: Found binding in [jar:file:/C:/Users/HP/.m2/repository/org/slf4j/slf4j-log4j12/1.7.30/slf4j-log4j12-1.7.30.jar!/org/slf4j/impl/StaticLoggerBinder.class]
SLF4J: See http://www.slf4j.org/codes.html#multiple_bindings for an explanation.
SLF4J: Actual binding is of type [ch.qos.logback.classic.util.ContextSelectorStaticBinder]
00:07:25.359 [main] ERROR com.example.demo.controllers.UserController - Order cannot be submitted for user test1 , user not found
00:07:25.377 [main] INFO com.example.demo.controllers.UserController - Order submitted for username test
[INFO] Tests run: 4, Failures: 0, Errors: 0, Skipped: 0, Time elapsed: 0.164 s - in com.example.demo.controllers.OrderControllerTest
[INFO] Running com.example.demo.controllers.UserControllerTest
00:07:25.487 [main] DEBUG com.example.demo.controllers.UserController - UserController.findById for id 1
00:07:25.502 [main] DEBUG com.example.demo.controllers.UserController - UserController.createUser for username test
00:07:25.502 [main] INFO com.example.demo.controllers.UserController - New user test created
00:07:25.504 [main] DEBUG com.example.demo.controllers.UserController - UserController.createUser for username test
00:07:25.507 [main] ERROR com.example.demo.controllers.UserController - Cannot create user test because the password doesn't match confirmPassword.
00:07:25.523 [main] DEBUG com.example.demo.controllers.UserController - UserController.findByUserName for username {}
00:07:25.536 [main] DEBUG com.example.demo.controllers.UserController - UserController.findById for id 0
00:07:25.538 [main] DEBUG com.example.demo.controllers.UserController - UserController.findByUserName for username {}
00:07:25.539 [main] DEBUG com.example.demo.controllers.UserController - UserController.createUser for username test
00:07:25.549 [main] ERROR com.example.demo.controllers.UserController - Cannot create user test because the password is too short.
[INFO] Tests run: 7, Failures: 0, Errors: 0, Skipped: 0, Time elapsed: 0.162 s - in com.example.demo.controllers.UserControllerTest
[INFO] Running com.example.demo.SuperstoreApplicationTests
00:07:25.666 [main] DEBUG org.springframework.test.context.junit4.SpringJUnit4ClassRunner - SpringJUnit4ClassRunner constructor called with [class com.example.demo.SuperstoreApplicationTests]
00:07:25.669 [main] DEBUG org.springframework.test.context.BootstrapUtils - Instantiating CacheAwareContextLoaderDelegate from class [org.springframework.test.context.cache.DefaultCacheAwareContextLoaderDelegate]
00:07:25.702 [main] DEBUG org.springframework.test.context.BootstrapUtils - Instantiating BootstrapContext using constructor [public org.springframework.test.context.support.DefaultBootstrapContext(java.lang.Class,org.springframework.test.context.CacheAwareContextLoaderDelegate)]
00:07:25.752 [main] DEBUG org.springframework.test.context.BootstrapUtils - Instantiating TestContextBootstrapper for test class [com.example.demo.SuperstoreApplicationTests] from class [org.springframework.boot.test.context.SpringBootTestContextBootstrapper]
00:07:25.789 [main] INFO org.springframework.boot.test.context.SpringBootTestContextBootstrapper - Neither @ContextConfiguration nor @ContextHierarchy found for test class [com.example.demo.SuperstoreApplicationTests], using SpringBootContextLoader
00:07:25.806 [main] DEBUG org.springframework.test.context.support.AbstractContextLoader - Did not detect default resource location for test class [com.example.demo.SuperstoreApplicationTests]: class path resource [com/example/demo/SuperstoreApplicationTests-context.xml] does not exist
00:07:25.814 [main] DEBUG org.springframework.test.context.support.AbstractContextLoader - Did not detect default resource location for test class [com.example.demo.SuperstoreApplicationTests]: class path resource [com/example/demo/SuperstoreApplicationTestsContext.groovy] does not exist
00:07:25.815 [main] INFO org.springframework.test.context.support.AbstractContextLoader - Could not detect default resource locations for test class [com.example.demo.SuperstoreApplicationTests]: no resource found for suffixes {-context.xml, Context.groovy}.
00:07:25.816 [main] INFO org.springframework.test.context.support.AnnotationConfigContextLoaderUtils - Could not detect default configuration classes for test class [com.example.demo.SuperstoreApplicationTests]: SuperstoreApplicationTests does not declare any static, non-private, non-final, nested classes annotated with @Configuration.
00:07:25.951 [main] DEBUG org.springframework.test.context.support.ActiveProfilesUtils - Could not find an 'annotation declaring class' for annotation type [org.springframework.test.context.ActiveProfiles] and class [com.example.demo.SuperstoreApplicationTests]
00:07:26.300 [main] DEBUG org.springframework.context.annotation.ClassPathScanningCandidateComponentProvider - Identified candidate component class: file [C:\Users\HP\AppData\Local\Jenkins\.jenkins\workspace\ecom1\target\classes\com\example\demo\SuperstoreApplication.class]
00:07:26.302 [main] INFO org.springframework.boot.test.context.SpringBootTestContextBootstrapper - Found @SpringBootConfiguration com.example.demo.SuperstoreApplication for test class com.example.demo.SuperstoreApplicationTests
00:07:26.749 [main] DEBUG org.springframework.boot.test.context.SpringBootTestContextBootstrapper - @TestExecutionListeners is not present for class [com.example.demo.SuperstoreApplicationTests]: using defaults.
00:07:26.750 [main] INFO org.springframework.boot.test.context.SpringBootTestContextBootstrapper - Loaded default TestExecutionListener class names from location [META-INF/spring.factories]: [org.springframework.boot.test.mock.mockito.MockitoTestExecutionListener, org.springframework.boot.test.mock.mockito.ResetMocksTestExecutionListener, org.springframework.boot.test.autoconfigure.restdocs.RestDocsTestExecutionListener, org.springframework.boot.test.autoconfigure.web.client.MockRestServiceServerResetTestExecutionListener, org.springframework.boot.test.autoconfigure.web.servlet.MockMvcPrintOnlyOnFailureTestExecutionListener, org.springframework.boot.test.autoconfigure.web.servlet.WebDriverTestExecutionListener, org.springframework.test.context.web.ServletTestExecutionListener, org.springframework.test.context.support.DirtiesContextBeforeModesTestExecutionListener, org.springframework.test.context.support.DependencyInjectionTestExecutionListener, org.springframework.test.context.support.DirtiesContextTestExecutionListener, org.springframework.test.context.transaction.TransactionalTestExecutionListener, org.springframework.test.context.jdbc.SqlScriptsTestExecutionListener, org.springframework.security.test.context.support.WithSecurityContextTestExecutionListener, org.springframework.security.test.context.support.ReactorContextTestExecutionListener]
00:07:26.835 [main] INFO org.springframework.boot.test.context.SpringBootTestContextBootstrapper - Using TestExecutionListeners: [org.springframework.test.context.web.ServletTestExecutionListener@253b380a, org.springframework.test.context.support.DirtiesContextBeforeModesTestExecutionListener@29c2c826, org.springframework.boot.test.mock.mockito.MockitoTestExecutionListener@3350ebdd, org.springframework.boot.test.autoconfigure.SpringBootDependencyInjectionTestExecutionListener@6818d900, org.springframework.test.context.support.DirtiesContextTestExecutionListener@149f5761, org.springframework.test.context.transaction.TransactionalTestExecutionListener@2ba33e2c, org.springframework.test.context.jdbc.SqlScriptsTestExecutionListener@1f193686, org.springframework.security.test.context.support.WithSecurityContextTestExecutionListener@31e72cbc, org.springframework.security.test.context.support.ReactorContextTestExecutionListener@5fad41be, org.springframework.boot.test.mock.mockito.ResetMocksTestExecutionListener@6dcd5639, org.springframework.boot.test.autoconfigure.restdocs.RestDocsTestExecutionListener@3b36e000, org.springframework.boot.test.autoconfigure.web.client.MockRestServiceServerResetTestExecutionListener@333cb916, org.springframework.boot.test.autoconfigure.web.servlet.MockMvcPrintOnlyOnFailureTestExecutionListener@629ae7e, org.springframework.boot.test.autoconfigure.web.servlet.WebDriverTestExecutionListener@1d25c1c]
00:07:26.838 [main] DEBUG org.springframework.test.annotation.ProfileValueUtils - Retrieved @ProfileValueSourceConfiguration [null] for test class [com.example.demo.SuperstoreApplicationTests]
00:07:26.839 [main] DEBUG org.springframework.test.annotation.ProfileValueUtils - Retrieved ProfileValueSource type [class org.springframework.test.annotation.SystemProfileValueSource] for class [com.example.demo.SuperstoreApplicationTests]
00:07:26.842 [main] DEBUG org.springframework.test.annotation.ProfileValueUtils - Retrieved @ProfileValueSourceConfiguration [null] for test class [com.example.demo.SuperstoreApplicationTests]
00:07:26.842 [main] DEBUG org.springframework.test.annotation.ProfileValueUtils - Retrieved ProfileValueSource type [class org.springframework.test.annotation.SystemProfileValueSource] for class [com.example.demo.SuperstoreApplicationTests]
00:07:26.843 [main] DEBUG org.springframework.test.annotation.ProfileValueUtils - Retrieved @ProfileValueSourceConfiguration [null] for test class [com.example.demo.SuperstoreApplicationTests]
00:07:26.844 [main] DEBUG org.springframework.test.annotation.ProfileValueUtils - Retrieved ProfileValueSource type [class org.springframework.test.annotation.SystemProfileValueSource] for class [com.example.demo.SuperstoreApplicationTests]
00:07:26.845 [main] DEBUG org.springframework.test.annotation.ProfileValueUtils - Retrieved @ProfileValueSourceConfiguration [null] for test class [com.example.demo.SuperstoreApplicationTests]
00:07:26.846 [main] DEBUG org.springframework.test.annotation.ProfileValueUtils - Retrieved ProfileValueSource type [class org.springframework.test.annotation.SystemProfileValueSource] for class [com.example.demo.SuperstoreApplicationTests]
00:07:26.849 [main] DEBUG org.springframework.test.annotation.ProfileValueUtils - Retrieved @ProfileValueSourceConfiguration [null] for test class [com.example.demo.SuperstoreApplicationTests]
00:07:26.849 [main] DEBUG org.springframework.test.annotation.ProfileValueUtils - Retrieved ProfileValueSource type [class org.springframework.test.annotation.SystemProfileValueSource] for class [com.example.demo.SuperstoreApplicationTests]
00:07:26.855 [main] DEBUG org.springframework.test.context.support.AbstractDirtiesContextTestExecutionListener - Before test class: context [DefaultTestContext@58a120b0 testClass = SuperstoreApplicationTests, testInstance = [null], testMethod = [null], testException = [null], mergedContextConfiguration = [WebMergedContextConfiguration@27d57a2c testClass = SuperstoreApplicationTests, locations = '{}', classes = '{class com.example.demo.SuperstoreApplication}', contextInitializerClasses = '[]', activeProfiles = '{}', propertySourceLocations = '{}', propertySourceProperties = '{org.springframework.boot.test.context.SpringBootTestContextBootstrapper=true}', contextCustomizers = set[org.springframework.boot.test.context.filter.ExcludeFilterContextCustomizer@779dfe55, org.springframework.boot.test.json.DuplicateJsonObjectContextCustomizerFactory$DuplicateJsonObjectContextCustomizer@3e521715, org.springframework.boot.test.mock.mockito.MockitoContextCustomizer@0, org.springframework.boot.test.web.client.TestRestTemplateContextCustomizer@63998bf4, org.springframework.boot.test.autoconfigure.properties.PropertyMappingContextCustomizer@0, org.springframework.boot.test.autoconfigure.web.servlet.WebDriverContextCustomizerFactory$Customizer@27ead29e], resourceBasePath = 'src/main/webapp', contextLoader = 'org.springframework.boot.test.context.SpringBootContextLoader', parent = [null]], attributes = map['org.springframework.test.context.web.ServletTestExecutionListener.activateListener' -> true]], class annotated with @DirtiesContext [false] with mode [null].
00:07:26.856 [main] DEBUG org.springframework.test.annotation.ProfileValueUtils - Retrieved @ProfileValueSourceConfiguration [null] for test class [com.example.demo.SuperstoreApplicationTests]
00:07:26.863 [main] DEBUG org.springframework.test.annotation.ProfileValueUtils - Retrieved ProfileValueSource type [class org.springframework.test.annotation.SystemProfileValueSource] for class [com.example.demo.SuperstoreApplicationTests]
00:07:26.956 [main] DEBUG org.springframework.test.context.support.TestPropertySourceUtils - Adding inlined properties to environment: {spring.jmx.enabled=false, org.springframework.boot.test.context.SpringBootTestContextBootstrapper=true, server.port=-1}
[WARNING] Corrupted STDOUT by directly writing to native stream in forked JVM 1. See FAQ web page and the dump file C:\Users\HP\AppData\Local\Jenkins\.jenkins\workspace\ecom1\target\surefire-reports\2021-04-24T00-07-19_338-jvmRun1.dumpstream
[INFO]
[INFO] Results:
[INFO]
[INFO] Tests run: 22, Failures: 0, Errors: 0, Skipped: 0
[INFO]
[ERROR] There are test failures.

Please refer to C:\Users\HP\AppData\Local\Jenkins\.jenkins\workspace\ecom1\target\surefire-reports for the individual test results.
Please refer to dump files (if any exist) [date].dump, [date]-jvmRun[N].dump and [date].dumpstream.
The forked VM terminated without properly saying goodbye. VM crash or System.exit called?
Command was cmd.exe /X /C "C:\Users\HP\AppData\Local\Jenkins\.jenkins\tools\hudson.model.JDK\Java\bin\java -jar C:\Users\HP\AppData\Local\Temp\surefire8470588256358336851\surefirebooter15344232070308735586.jar C:\Users\HP\AppData\Local\Temp\surefire8470588256358336851 2021-04-24T00-07-19_338-jvmRun1 surefire4917231727849614767tmp surefire_05337449523351745089tmp"
Error occurred in starting fork, check output in log
Process Exit Code: 1
org.apache.maven.surefire.booter.SurefireBooterForkException: The forked VM terminated without properly saying goodbye. VM crash or System.exit called?
Command was cmd.exe /X /C "C:\Users\HP\AppData\Local\Jenkins\.jenkins\tools\hudson.model.JDK\Java\bin\java -jar C:\Users\HP\AppData\Local\Temp\surefire8470588256358336851\surefirebooter15344232070308735586.jar C:\Users\HP\AppData\Local\Temp\surefire8470588256358336851 2021-04-24T00-07-19_338-jvmRun1 surefire4917231727849614767tmp surefire_05337449523351745089tmp"
Error occurred in starting fork, check output in log
Process Exit Code: 1
	at org.apache.maven.plugin.surefire.booterclient.ForkStarter.fork(ForkStarter.java:669)
	at org.apache.maven.plugin.surefire.booterclient.ForkStarter.run(ForkStarter.java:282)
	at org.apache.maven.plugin.surefire.booterclient.ForkStarter.run(ForkStarter.java:245)
	at org.apache.maven.plugin.surefire.AbstractSurefireMojo.executeProvider(AbstractSurefireMojo.java:1183)
	at org.apache.maven.plugin.surefire.AbstractSurefireMojo.executeAfterPreconditionsChecked(AbstractSurefireMojo.java:1011)
	at org.apache.maven.plugin.surefire.AbstractSurefireMojo.execute(AbstractSurefireMojo.java:857)
	at org.apache.maven.plugin.DefaultBuildPluginManager.executeMojo(DefaultBuildPluginManager.java:137)
	at org.apache.maven.lifecycle.internal.MojoExecutor.execute(MojoExecutor.java:210)
	at org.apache.maven.lifecycle.internal.MojoExecutor.execute(MojoExecutor.java:156)
	at org.apache.maven.lifecycle.internal.MojoExecutor.execute(MojoExecutor.java:148)
	at org.apache.maven.lifecycle.internal.LifecycleModuleBuilder.buildProject(LifecycleModuleBuilder.java:117)
	at org.apache.maven.lifecycle.internal.LifecycleModuleBuilder.buildProject(LifecycleModuleBuilder.java:81)
	at org.apache.maven.lifecycle.internal.builder.singlethreaded.SingleThreadedBuilder.build(SingleThreadedBuilder.java:56)
	at org.apache.maven.lifecycle.internal.LifecycleStarter.execute(LifecycleStarter.java:128)
	at org.apache.maven.DefaultMaven.doExecute(DefaultMaven.java:305)
	at org.apache.maven.DefaultMaven.doExecute(DefaultMaven.java:192)
	at org.apache.maven.DefaultMaven.execute(DefaultMaven.java:105)
	at org.jvnet.hudson.maven3.launcher.Maven35Launcher.main(Maven35Launcher.java:130)
	at java.base/jdk.internal.reflect.NativeMethodAccessorImpl.invoke0(Native Method)
	at java.base/jdk.internal.reflect.NativeMethodAccessorImpl.invoke(NativeMethodAccessorImpl.java:62)
	at java.base/jdk.internal.reflect.DelegatingMethodAccessorImpl.invoke(DelegatingMethodAccessorImpl.java:43)
	at java.base/java.lang.reflect.Method.invoke(Method.java:564)
	at org.codehaus.plexus.classworlds.launcher.Launcher.launchEnhanced(Launcher.java:282)
	at org.codehaus.plexus.classworlds.launcher.Launcher.launch(Launcher.java:225)
	at jenkins.maven3.agent.Maven35Main.launch(Maven35Main.java:178)
	at java.base/jdk.internal.reflect.NativeMethodAccessorImpl.invoke0(Native Method)
	at java.base/jdk.internal.reflect.NativeMethodAccessorImpl.invoke(NativeMethodAccessorImpl.java:62)
	at java.base/jdk.internal.reflect.DelegatingMethodAccessorImpl.invoke(DelegatingMethodAccessorImpl.java:43)
	at java.base/java.lang.reflect.Method.invoke(Method.java:564)
	at hudson.maven.Maven3Builder.call(Maven3Builder.java:139)
	at hudson.maven.Maven3Builder.call(Maven3Builder.java:70)
	at hudson.remoting.UserRequest.perform(UserRequest.java:211)
	at hudson.remoting.UserRequest.perform(UserRequest.java:54)
	at hudson.remoting.Request$2.run(Request.java:376)
	at hudson.remoting.InterceptingExecutorService.lambda$wrap$0(InterceptingExecutorService.java:78)
	at java.base/java.util.concurrent.FutureTask.run(FutureTask.java:264)
	at java.base/java.util.concurrent.ThreadPoolExecutor.runWorker(ThreadPoolExecutor.java:1167)
	at java.base/java.util.concurrent.ThreadPoolExecutor$Worker.run(ThreadPoolExecutor.java:641)
	at java.base/java.lang.Thread.run(Thread.java:844)

[JENKINS] Recording test results
[INFO]
[INFO] --- maven-war-plugin:3.2.2:war (default-war) @ auth-course ---
[INFO] Packaging webapp
[INFO] Assembling webapp [auth-course] in [C:\Users\HP\AppData\Local\Jenkins\.jenkins\workspace\ecom1\target\auth-course-0.0.1-SNAPSHOT]
[INFO] Processing war project
[INFO] Webapp assembled in [1431 msecs]
[INFO] Building war: C:\Users\HP\AppData\Local\Jenkins\.jenkins\workspace\ecom1\target\auth-course-0.0.1-SNAPSHOT.war
[INFO]
[INFO] --- spring-boot-maven-plugin:2.1.5.RELEASE:repackage (repackage) @ auth-course ---
[INFO] Replacing main artifact with repackaged archive
[INFO]
[INFO] --- maven-install-plugin:2.5.2:install (default-install) @ auth-course ---
[INFO] Installing C:\Users\HP\AppData\Local\Jenkins\.jenkins\workspace\ecom1\target\auth-course-0.0.1-SNAPSHOT.war to C:\Users\HP\.m2\repository\com\example\auth-course\0.0.1-SNAPSHOT\auth-course-0.0.1-SNAPSHOT.war
[INFO] Installing C:\Users\HP\AppData\Local\Jenkins\.jenkins\workspace\ecom1\pom.xml to C:\Users\HP\.m2\repository\com\example\auth-course\0.0.1-SNAPSHOT\auth-course-0.0.1-SNAPSHOT.pom
[INFO] ------------------------------------------------------------------------
[INFO] BUILD SUCCESS
[INFO] ------------------------------------------------------------------------
[INFO] Total time:  40.203 s
[INFO] Finished at: 2021-04-24T00:07:43-07:00
[INFO] ------------------------------------------------------------------------
Waiting for Jenkins to finish collecting data
[JENKINS] Archiving C:\Users\HP\AppData\Local\Jenkins\.jenkins\workspace\ecom1\pom.xml to com.example/auth-course/0.0.1-SNAPSHOT/auth-course-0.0.1-SNAPSHOT.pom
[JENKINS] Archiving C:\Users\HP\AppData\Local\Jenkins\.jenkins\workspace\ecom1\target\auth-course-0.0.1-SNAPSHOT.war to com.example/auth-course/0.0.1-SNAPSHOT/auth-course-0.0.1-SNAPSHOT.war
channel stopped
Finished: SUCCESS